#
# A fatal error has been detected by the Java Runtime Environment:
#
#  SIGSEGV (0xb) at pc=0x00007f6093569009, pid=4286, tid=4287
#
# JRE version: OpenJDK Runtime Environment (9.0) (build 9-internal+0-2016-04-14-195246.buildd.src)
# Java VM: OpenJDK 64-Bit Server VM (9-internal+0-2016-04-14-195246.buildd.src, mixed mode, tiered, compressed oops, g1 gc, linux-amd64)
# Problematic frame:
# C  [libjava.so+0x1d009]  JNU_GetEnv+0x19
#
# Core dump will be written. Default location: Core dumps may be processed with "/usr/share/apport/apport %p %s %c %P" (or dumping to /home/thibaut/Documents/IMR1/S2/Développement_Objet/Projet_Java_save/Thibaut_Roudel/core.4286)
#
# If you would like to submit a bug report, please visit:
#   http://bugreport.java.com/bugreport/crash.jsp
# The crash happened outside the Java Virtual Machine in native code.
# See problematic frame for where to report the bug.
#

---------------  S U M M A R Y ------------

Command Line: Projet_Java_save.jar

Host: Intel(R) Core(TM) i5-6200U CPU @ 2.30GHz, 4 cores, 7G, Ubuntu 16.04.2 LTS
Time: Thu Jun 15 11:05:45 2017 CEST elapsed time: 28 seconds (0d 0h 0m 28s)

---------------  T H R E A D  ---------------

Current thread (0x00007f608c011000):  JavaThread "main" [_thread_in_native, id=4287, stack(0x00007f60962cc000,0x00007f60963cd000)]

Stack: [0x00007f60962cc000,0x00007f60963cd000],  sp=0x00007f60963c9de0,  free space=1015k
Native frames: (J=compiled Java code, j=interpreted, Vv=VM code, C=native code)
C  [libjava.so+0x1d009]  JNU_GetEnv+0x19
C  [libfontmanager.so+0x33f8e]
C  [libfreetype.so.6+0x14d2b]  FT_Stream_Seek+0x1b

Java frames: (J=compiled Java code, j=interpreted, Vv=VM code)
j  sun.font.FreetypeFontScaler.initNativeScaler(Lsun/font/Font2D;IIZI)J+0 java.desktop@9-internal
j  sun.font.FreetypeFontScaler.<init>(Lsun/font/Font2D;IZI)V+26 java.desktop@9-internal
v  ~StubRoutines::call_stub
j  sun.reflect.NativeConstructorAccessorImpl.newInstance0(Ljava/lang/reflect/Constructor;[Ljava/lang/Object;)Ljava/lang/Object;+0 java.base@9-internal
j  sun.reflect.NativeConstructorAccessorImpl.newInstance([Ljava/lang/Object;)Ljava/lang/Object;+85 java.base@9-internal
j  sun.reflect.DelegatingConstructorAccessorImpl.newInstance([Ljava/lang/Object;)Ljava/lang/Object;+5 java.base@9-internal
j  java.lang.reflect.Constructor.newInstance([Ljava/lang/Object;)Ljava/lang/Object;+65 java.base@9-internal
j  sun.font.FontScaler.getScaler(Lsun/font/Font2D;IZI)Lsun/font/FontScaler;+39 java.desktop@9-internal
j  sun.font.TrueTypeFont.getScaler()Lsun/font/FontScaler;+21 java.desktop@9-internal
j  sun.font.FileFontStrike.<init>(Lsun/font/FileFont;Lsun/font/FontStrikeDesc;)V+204 java.desktop@9-internal
j  sun.font.FileFont.createStrike(Lsun/font/FontStrikeDesc;)Lsun/font/FontStrike;+18 java.desktop@9-internal
j  sun.font.Font2D.getStrike(Lsun/font/FontStrikeDesc;Z)Lsun/font/FontStrike;+92 java.desktop@9-internal
j  sun.font.Font2D.getStrike(Lsun/font/FontStrikeDesc;)Lsun/font/FontStrike;+3 java.desktop@9-internal
j  sun.font.CompositeStrike.getStrikeForSlot(I)Lsun/font/PhysicalStrike;+23 java.desktop@9-internal
j  sun.font.CompositeStrike.getFontMetrics()Lsun/font/StrikeMetrics;+31 java.desktop@9-internal
j  sun.font.FontDesignMetrics.initMatrixAndMetrics()V+28 java.desktop@9-internal
j  sun.font.FontDesignMetrics.<init>(Ljava/awt/Font;Ljava/awt/font/FontRenderContext;)V+62 java.desktop@9-internal
j  sun.font.FontDesignMetrics.getMetrics(Ljava/awt/Font;Ljava/awt/font/FontRenderContext;)Lsun/font/FontDesignMetrics;+128 java.desktop@9-internal
j  sun.swing.SwingUtilities2.getFontMetrics(Ljavax/swing/JComponent;Ljava/awt/Font;)Ljava/awt/FontMetrics;+15 java.desktop@9-internal
j  javax.swing.JComponent.getFontMetrics(Ljava/awt/Font;)Ljava/awt/FontMetrics;+2 java.desktop@9-internal
j  javax.swing.plaf.basic.BasicLabelUI.getPreferredSize(Ljavax/swing/JComponent;)Ljava/awt/Dimension;+144 java.desktop@9-internal
j  javax.swing.JComponent.getPreferredSize()Ljava/awt/Dimension;+26 java.desktop@9-internal
j  java.awt.GridBagLayout.GetLayoutInfo(Ljava/awt/Container;I)Ljava/awt/GridBagLayoutInfo;+493 java.desktop@9-internal
j  java.awt.GridBagLayout.getLayoutInfo(Ljava/awt/Container;I)Ljava/awt/GridBagLayoutInfo;+3 java.desktop@9-internal
j  java.awt.GridBagLayout.preferredLayoutSize(Ljava/awt/Container;)Ljava/awt/Dimension;+3 java.desktop@9-internal
j  java.awt.Container.preferredSize()Ljava/awt/Dimension;+43 java.desktop@9-internal
j  java.awt.Container.getPreferredSize()Ljava/awt/Dimension;+1 java.desktop@9-internal
j  javax.swing.JComponent.getPreferredSize()Ljava/awt/Dimension;+39 java.desktop@9-internal
j  javax.swing.JRootPane$RootLayout.preferredLayoutSize(Ljava/awt/Container;)Ljava/awt/Dimension;+26 java.desktop@9-internal
j  java.awt.Container.preferredSize()Ljava/awt/Dimension;+43 java.desktop@9-internal
j  java.awt.Container.getPreferredSize()Ljava/awt/Dimension;+1 java.desktop@9-internal
j  javax.swing.JComponent.getPreferredSize()Ljava/awt/Dimension;+39 java.desktop@9-internal
j  java.awt.BorderLayout.preferredLayoutSize(Ljava/awt/Container;)Ljava/awt/Dimension;+157 java.desktop@9-internal
j  java.awt.Container.preferredSize()Ljava/awt/Dimension;+43 java.desktop@9-internal
j  java.awt.Container.getPreferredSize()Ljava/awt/Dimension;+1 java.desktop@9-internal
j  java.awt.Window.pack()V+32 java.desktop@9-internal
j  View.menu_profil.<init>(Ljava/util/ArrayList;LController/Historique_Controller;)V+419
j  Main.main([Ljava/lang/String;)V+16
v  ~StubRoutines::call_stub

siginfo: si_signo: 11 (SIGSEGV), si_code: 1 (SEGV_MAPERR), si_addr: 0x0000000000000000

Register to memory mapping:

RAX=0x0000000000000000 is an unknown value
RBX=0x0000000000000000 is an unknown value
RCX=0x0000000000000000 is an unknown value
RDX=0x0000000000010002 is an unknown value
RSP=0x00007f60963c9de0 is pointing into the stack for thread: 0x00007f608c011000
RBP=0x00007f60963c9df0 is pointing into the stack for thread: 0x00007f608c011000
RSI=0x0000000000010002 is an unknown value
RDI=0x0000000000000000 is an unknown value
R8 =0x0000000000000000 is an unknown value
R9 =0x0000000000000000 is an unknown value
R10=0x00000000000001db is an unknown value
R11=0x00007f6093568ff0: JNU_GetEnv+0x0000000000000000 in /usr/lib/jvm/java-9-openjdk-amd64/lib/amd64/libjava.so at 0x00007f609354c000
R12=0x00007f608c3b43e0 is an unknown value
R13=0x0000000000000000 is an unknown value
R14=0x0000000000000000 is an unknown value
R15=0x00007f608c3c02a0 is an unknown value


Registers:
RAX=0x0000000000000000, RBX=0x0000000000000000, RCX=0x0000000000000000, RDX=0x0000000000010002
RSP=0x00007f60963c9de0, RBP=0x00007f60963c9df0, RSI=0x0000000000010002, RDI=0x0000000000000000
R8 =0x0000000000000000, R9 =0x0000000000000000, R10=0x00000000000001db, R11=0x00007f6093568ff0
R12=0x00007f608c3b43e0, R13=0x0000000000000000, R14=0x0000000000000000, R15=0x00007f608c3c02a0
RIP=0x00007f6093569009, EFLAGS=0x0000000000010246, CSGSFS=0x0000000000000033, ERR=0x0000000000000004
  TRAPNO=0x000000000000000e

Top of Stack: (sp=0x00007f60963c9de0)
0x00007f60963c9de0:   0000000000000000 402d75d1a885d000
0x00007f60963c9df0:   00007f60963c9e30 00007f6044901f8e
0x00007f60963c9e00:   00007f608c3b3dc0 00007f608c3b43e0
0x00007f60963c9e10:   0000000000000000 0000000000000000
0x00007f60963c9e20:   00007f608c3b43e0 00007f608c3c02a0
0x00007f60963c9e30:   0000000000000000 00007f6044638d2b
0x00007f60963c9e40:   0000000000000000 00007f60448cad80
0x00007f60963c9e50:   0000000000000000 00007f604464c8e0
0x00007f60963c9e60:   0000000000000002 0000003200000008
0x00007f60963c9e70:   0000000000000000 0000000000000000
0x00007f60963c9e80:   0000006e0000005b 0000000000000000
0x00007f60963c9e90:   0000000000000000 0000007c00000077
0x00007f60963c9ea0:   0202020202020202 0202020202020202
0x00007f60963c9eb0:   0000000000000000 0000000000000000
0x00007f60963c9ec0:   468b45f04e8b41d0 00007f608c000020
0x00007f60963c9ed0:   0000000000000070 00007f60963c9f84
0x00007f60963c9ee0:   00007f608c3b3dc0 00007f608c3c02a0
0x00007f60963c9ef0:   00007f60963c9f84 00007f6095c765d4
0x00007f60963c9f00:   00007f6094beef00 00007f60963c9f34
0x00007f60963c9f10:   00007f60448c79e0 402d75d1a885d000
0x00007f60963c9f20:   0000000000000070 00007f608c6b91c0
0x00007f60963c9f30:   00007f60448c79e0 00007f60963ca048
0x00007f60963c9f40:   00007f608c3b3dc0 00007f608c3c02a0
0x00007f60963c9f50:   00007f608c3c07d0 00007f604463b4c2
0x00007f60963c9f60:   0000000100000000 00007f60963ca050
0x00007f60963c9f70:   0000000000000000 0000000000000000
0x00007f60963c9f80:   00000000963ca048 402d75d1a885d000
0x00007f60963c9f90:   00007f608c6b91c0 00007f60963ca050
0x00007f60963c9fa0:   0000000000000000 00007f608c3b3ce8
0x00007f60963c9fb0:   00007f60963ca250 00007f608c3b3c48
0x00007f60963c9fc0:   00007f608c3b3dc0 00007f604463d581
0x00007f60963c9fd0:   00007f60963ca050 00007f604463d376 

Instructions: (pc=0x00007f6093569009)
0x00007f6093568fe9:   ff eb ea 0f 1f 40 00 55 89 f2 48 89 e5 48 83 ec
0x00007f6093568ff9:   10 64 48 8b 04 25 28 00 00 00 48 89 45 f8 31 c0
0x00007f6093569009:   48 8b 07 48 8d 75 f0 ff 50 30 48 8b 4d f8 64 48
0x00007f6093569019:   33 0c 25 28 00 00 00 48 8b 45 f0 75 02 c9 c3 e8 


---------------  P R O C E S S  ---------------

Java Threads: ( => current thread )
  0x00007f6000001000 JavaThread "SeedGenerator Thread" daemon [_thread_blocked, id=4373, stack(0x00007f600b1d1000,0x00007f600b2d2000)]
  0x00007f608c698800 JavaThread "SeedGenerator Thread" daemon [_thread_in_Java, id=4327, stack(0x00007f600b2d2000,0x00007f600b3d3000)]
  0x00007f608c3bf000 JavaThread "AWT-Shutdown" [_thread_blocked, id=4313, stack(0x00007f600b9f8000,0x00007f600baf9000)]
  0x00007f608c370800 JavaThread "AWT-XAWT" daemon [_thread_in_native, id=4312, stack(0x00007f600bcf9000,0x00007f600bdfa000)]
  0x00007f608c349000 JavaThread "Java2D Disposer" daemon [_thread_blocked, id=4311, stack(0x00007f60442fe000,0x00007f60443ff000)]
  0x00007f608c293800 JavaThread "Service Thread" daemon [_thread_blocked, id=4309, stack(0x00007f6074140000,0x00007f6074241000)]
  0x00007f608c1ed800 JavaThread "Common-Cleaner" daemon [_thread_blocked, id=4308, stack(0x00007f6074241000,0x00007f6074342000)]
  0x00007f608c196000 JavaThread "Sweeper thread" daemon [_thread_blocked, id=4307, stack(0x00007f6074a6d000,0x00007f6074b6e000)]
  0x00007f608c194000 JavaThread "C1 CompilerThread2" daemon [_thread_blocked, id=4306, stack(0x00007f6074b6e000,0x00007f6074c6f000)]
  0x00007f608c192000 JavaThread "C2 CompilerThread1" daemon [_thread_blocked, id=4305, stack(0x00007f6074c6f000,0x00007f6074d70000)]
  0x00007f608c190800 JavaThread "C2 CompilerThread0" daemon [_thread_blocked, id=4304, stack(0x00007f6074d70000,0x00007f6074e71000)]
  0x00007f608c18c000 JavaThread "Signal Dispatcher" daemon [_thread_blocked, id=4303, stack(0x00007f6074e71000,0x00007f6074f72000)]
  0x00007f608c18a000 JavaThread "Surrogate Locker Thread (Concurrent GC)" daemon [_thread_blocked, id=4302, stack(0x00007f6074f72000,0x00007f6075073000)]
  0x00007f608c178800 JavaThread "Finalizer" daemon [_thread_blocked, id=4301, stack(0x00007f6075350000,0x00007f6075451000)]
  0x00007f608c16c800 JavaThread "Reference Handler" daemon [_thread_blocked, id=4300, stack(0x00007f6090049000,0x00007f609014a000)]
=>0x00007f608c011000 JavaThread "main" [_thread_in_native, id=4287, stack(0x00007f60962cc000,0x00007f60963cd000)]

Other Threads:
  0x00007f608c162800 VMThread [stack: 0x00007f609014a000,0x00007f609024b000] [id=4299]
  0x00007f608c296000 WatcherThread [stack: 0x00007f607403f000,0x00007f6074140000] [id=4310]

Threads with active compile tasks:

VM state:not at safepoint (normal execution)

VM Mutex/Monitor currently owned by a thread: None

heap address: 0x0000000084e00000, size: 1970 MB, Compressed Oops mode: 32-bit
Narrow klass base: 0x0000000000000000, Narrow klass shift: 3
Compressed class space size: 1073741824 Address: 0x0000000100000000

Heap:
 garbage-first heap   total 126976K, used 6144K [0x0000000084e00000, 0x0000000084f003e0, 0x0000000100000000)
  region size 1024K, 7 young (7168K), 0 survivors (0K)
 Metaspace       used 11762K, capacity 12198K, committed 12544K, reserved 1060864K
  class space    used 1300K, capacity 1462K, committed 1536K, reserved 1048576K

Heap Regions: E=young(eden), S=young(survivor), O=old, HS=humongous(starts), HC=humongous(continues), CS=collection set, F=free, A=archive, TS=gc time stamp, AC=allocation context, TAMS=top-at-mark-start (previous, next)
|   0|0x0000000084e00000, 0x0000000084e00000, 0x0000000084f00000|  0%| F|  |TS  0|AC  0|TAMS 0x0000000084e00000, 0x0000000084e00000|
|   1|0x0000000084f00000, 0x0000000084f00000, 0x0000000085000000|  0%| F|  |TS  0|AC  0|TAMS 0x0000000084f00000, 0x0000000084f00000|
|   2|0x0000000085000000, 0x0000000085000000, 0x0000000085100000|  0%| F|  |TS  0|AC  0|TAMS 0x0000000085000000, 0x0000000085000000|
|   3|0x0000000085100000, 0x0000000085100000, 0x0000000085200000|  0%| F|  |TS  0|AC  0|TAMS 0x0000000085100000, 0x0000000085100000|
|   4|0x0000000085200000, 0x0000000085200000, 0x0000000085300000|  0%| F|  |TS  0|AC  0|TAMS 0x0000000085200000, 0x0000000085200000|
|   5|0x0000000085300000, 0x0000000085300000, 0x0000000085400000|  0%| F|  |TS  0|AC  0|TAMS 0x0000000085300000, 0x0000000085300000|
|   6|0x0000000085400000, 0x0000000085400000, 0x0000000085500000|  0%| F|  |TS  0|AC  0|TAMS 0x0000000085400000, 0x0000000085400000|
|   7|0x0000000085500000, 0x0000000085500000, 0x0000000085600000|  0%| F|  |TS  0|AC  0|TAMS 0x0000000085500000, 0x0000000085500000|
|   8|0x0000000085600000, 0x0000000085600000, 0x0000000085700000|  0%| F|  |TS  0|AC  0|TAMS 0x0000000085600000, 0x0000000085600000|
|   9|0x0000000085700000, 0x0000000085700000, 0x0000000085800000|  0%| F|  |TS  0|AC  0|TAMS 0x0000000085700000, 0x0000000085700000|
|  10|0x0000000085800000, 0x0000000085800000, 0x0000000085900000|  0%| F|  |TS  0|AC  0|TAMS 0x0000000085800000, 0x0000000085800000|
|  11|0x0000000085900000, 0x0000000085900000, 0x0000000085a00000|  0%| F|  |TS  0|AC  0|TAMS 0x0000000085900000, 0x0000000085900000|
|  12|0x0000000085a00000, 0x0000000085a00000, 0x0000000085b00000|  0%| F|  |TS  0|AC  0|TAMS 0x0000000085a00000, 0x0000000085a00000|
|  13|0x0000000085b00000, 0x0000000085b00000, 0x0000000085c00000|  0%| F|  |TS  0|AC  0|TAMS 0x0000000085b00000, 0x0000000085b00000|
|  14|0x0000000085c00000, 0x0000000085c00000, 0x0000000085d00000|  0%| F|  |TS  0|AC  0|TAMS 0x0000000085c00000, 0x0000000085c00000|
|  15|0x0000000085d00000, 0x0000000085d00000, 0x0000000085e00000|  0%| F|  |TS  0|AC  0|TAMS 0x0000000085d00000, 0x0000000085d00000|
|  16|0x0000000085e00000, 0x0000000085e00000, 0x0000000085f00000|  0%| F|  |TS  0|AC  0|TAMS 0x0000000085e00000, 0x0000000085e00000|
|  17|0x0000000085f00000, 0x0000000085f00000, 0x0000000086000000|  0%| F|  |TS  0|AC  0|TAMS 0x0000000085f00000, 0x0000000085f00000|
|  18|0x0000000086000000, 0x0000000086000000, 0x0000000086100000|  0%| F|  |TS  0|AC  0|TAMS 0x0000000086000000, 0x0000000086000000|
|  19|0x0000000086100000, 0x0000000086100000, 0x0000000086200000|  0%| F|  |TS  0|AC  0|TAMS 0x0000000086100000, 0x0000000086100000|
|  20|0x0000000086200000, 0x0000000086200000, 0x0000000086300000|  0%| F|  |TS  0|AC  0|TAMS 0x0000000086200000, 0x0000000086200000|
|  21|0x0000000086300000, 0x0000000086300000, 0x0000000086400000|  0%| F|  |TS  0|AC  0|TAMS 0x0000000086300000, 0x0000000086300000|
|  22|0x0000000086400000, 0x0000000086400000, 0x0000000086500000|  0%| F|  |TS  0|AC  0|TAMS 0x0000000086400000, 0x0000000086400000|
|  23|0x0000000086500000, 0x0000000086500000, 0x0000000086600000|  0%| F|  |TS  0|AC  0|TAMS 0x0000000086500000, 0x0000000086500000|
|  24|0x0000000086600000, 0x0000000086600000, 0x0000000086700000|  0%| F|  |TS  0|AC  0|TAMS 0x0000000086600000, 0x0000000086600000|
|  25|0x0000000086700000, 0x0000000086700000, 0x0000000086800000|  0%| F|  |TS  0|AC  0|TAMS 0x0000000086700000, 0x0000000086700000|
|  26|0x0000000086800000, 0x0000000086800000, 0x0000000086900000|  0%| F|  |TS  0|AC  0|TAMS 0x0000000086800000, 0x0000000086800000|
|  27|0x0000000086900000, 0x0000000086900000, 0x0000000086a00000|  0%| F|  |TS  0|AC  0|TAMS 0x0000000086900000, 0x0000000086900000|
|  28|0x0000000086a00000, 0x0000000086a00000, 0x0000000086b00000|  0%| F|  |TS  0|AC  0|TAMS 0x0000000086a00000, 0x0000000086a00000|
|  29|0x0000000086b00000, 0x0000000086b00000, 0x0000000086c00000|  0%| F|  |TS  0|AC  0|TAMS 0x0000000086b00000, 0x0000000086b00000|
|  30|0x0000000086c00000, 0x0000000086c00000, 0x0000000086d00000|  0%| F|  |TS  0|AC  0|TAMS 0x0000000086c00000, 0x0000000086c00000|
|  31|0x0000000086d00000, 0x0000000086d00000, 0x0000000086e00000|  0%| F|  |TS  0|AC  0|TAMS 0x0000000086d00000, 0x0000000086d00000|
|  32|0x0000000086e00000, 0x0000000086e00000, 0x0000000086f00000|  0%| F|  |TS  0|AC  0|TAMS 0x0000000086e00000, 0x0000000086e00000|
|  33|0x0000000086f00000, 0x0000000086f00000, 0x0000000087000000|  0%| F|  |TS  0|AC  0|TAMS 0x0000000086f00000, 0x0000000086f00000|
|  34|0x0000000087000000, 0x0000000087000000, 0x0000000087100000|  0%| F|  |TS  0|AC  0|TAMS 0x0000000087000000, 0x0000000087000000|
|  35|0x0000000087100000, 0x0000000087100000, 0x0000000087200000|  0%| F|  |TS  0|AC  0|TAMS 0x0000000087100000, 0x0000000087100000|
|  36|0x0000000087200000, 0x0000000087200000, 0x0000000087300000|  0%| F|  |TS  0|AC  0|TAMS 0x0000000087200000, 0x0000000087200000|
|  37|0x0000000087300000, 0x0000000087300000, 0x0000000087400000|  0%| F|  |TS  0|AC  0|TAMS 0x0000000087300000, 0x0000000087300000|
|  38|0x0000000087400000, 0x0000000087400000, 0x0000000087500000|  0%| F|  |TS  0|AC  0|TAMS 0x0000000087400000, 0x0000000087400000|
|  39|0x0000000087500000, 0x0000000087500000, 0x0000000087600000|  0%| F|  |TS  0|AC  0|TAMS 0x0000000087500000, 0x0000000087500000|
|  40|0x0000000087600000, 0x0000000087600000, 0x0000000087700000|  0%| F|  |TS  0|AC  0|TAMS 0x0000000087600000, 0x0000000087600000|
|  41|0x0000000087700000, 0x0000000087700000, 0x0000000087800000|  0%| F|  |TS  0|AC  0|TAMS 0x0000000087700000, 0x0000000087700000|
|  42|0x0000000087800000, 0x0000000087800000, 0x0000000087900000|  0%| F|  |TS  0|AC  0|TAMS 0x0000000087800000, 0x0000000087800000|
|  43|0x0000000087900000, 0x0000000087900000, 0x0000000087a00000|  0%| F|  |TS  0|AC  0|TAMS 0x0000000087900000, 0x0000000087900000|
|  44|0x0000000087a00000, 0x0000000087a00000, 0x0000000087b00000|  0%| F|  |TS  0|AC  0|TAMS 0x0000000087a00000, 0x0000000087a00000|
|  45|0x0000000087b00000, 0x0000000087b00000, 0x0000000087c00000|  0%| F|  |TS  0|AC  0|TAMS 0x0000000087b00000, 0x0000000087b00000|
|  46|0x0000000087c00000, 0x0000000087c00000, 0x0000000087d00000|  0%| F|  |TS  0|AC  0|TAMS 0x0000000087c00000, 0x0000000087c00000|
|  47|0x0000000087d00000, 0x0000000087d00000, 0x0000000087e00000|  0%| F|  |TS  0|AC  0|TAMS 0x0000000087d00000, 0x0000000087d00000|
|  48|0x0000000087e00000, 0x0000000087e00000, 0x0000000087f00000|  0%| F|  |TS  0|AC  0|TAMS 0x0000000087e00000, 0x0000000087e00000|
|  49|0x0000000087f00000, 0x0000000087f00000, 0x0000000088000000|  0%| F|  |TS  0|AC  0|TAMS 0x0000000087f00000, 0x0000000087f00000|
|  50|0x0000000088000000, 0x0000000088000000, 0x0000000088100000|  0%| F|  |TS  0|AC  0|TAMS 0x0000000088000000, 0x0000000088000000|
|  51|0x0000000088100000, 0x0000000088100000, 0x0000000088200000|  0%| F|  |TS  0|AC  0|TAMS 0x0000000088100000, 0x0000000088100000|
|  52|0x0000000088200000, 0x0000000088200000, 0x0000000088300000|  0%| F|  |TS  0|AC  0|TAMS 0x0000000088200000, 0x0000000088200000|
|  53|0x0000000088300000, 0x0000000088300000, 0x0000000088400000|  0%| F|  |TS  0|AC  0|TAMS 0x0000000088300000, 0x0000000088300000|
|  54|0x0000000088400000, 0x0000000088400000, 0x0000000088500000|  0%| F|  |TS  0|AC  0|TAMS 0x0000000088400000, 0x0000000088400000|
|  55|0x0000000088500000, 0x0000000088500000, 0x0000000088600000|  0%| F|  |TS  0|AC  0|TAMS 0x0000000088500000, 0x0000000088500000|
|  56|0x0000000088600000, 0x0000000088600000, 0x0000000088700000|  0%| F|  |TS  0|AC  0|TAMS 0x0000000088600000, 0x0000000088600000|
|  57|0x0000000088700000, 0x0000000088700000, 0x0000000088800000|  0%| F|  |TS  0|AC  0|TAMS 0x0000000088700000, 0x0000000088700000|
|  58|0x0000000088800000, 0x0000000088800000, 0x0000000088900000|  0%| F|  |TS  0|AC  0|TAMS 0x0000000088800000, 0x0000000088800000|
|  59|0x0000000088900000, 0x0000000088900000, 0x0000000088a00000|  0%| F|  |TS  0|AC  0|TAMS 0x0000000088900000, 0x0000000088900000|
|  60|0x0000000088a00000, 0x0000000088a00000, 0x0000000088b00000|  0%| F|  |TS  0|AC  0|TAMS 0x0000000088a00000, 0x0000000088a00000|
|  61|0x0000000088b00000, 0x0000000088b00000, 0x0000000088c00000|  0%| F|  |TS  0|AC  0|TAMS 0x0000000088b00000, 0x0000000088b00000|
|  62|0x0000000088c00000, 0x0000000088c00000, 0x0000000088d00000|  0%| F|  |TS  0|AC  0|TAMS 0x0000000088c00000, 0x0000000088c00000|
|  63|0x0000000088d00000, 0x0000000088d00000, 0x0000000088e00000|  0%| F|  |TS  0|AC  0|TAMS 0x0000000088d00000, 0x0000000088d00000|
|  64|0x0000000088e00000, 0x0000000088e00000, 0x0000000088f00000|  0%| F|  |TS  0|AC  0|TAMS 0x0000000088e00000, 0x0000000088e00000|
|  65|0x0000000088f00000, 0x0000000088f00000, 0x0000000089000000|  0%| F|  |TS  0|AC  0|TAMS 0x0000000088f00000, 0x0000000088f00000|
|  66|0x0000000089000000, 0x0000000089000000, 0x0000000089100000|  0%| F|  |TS  0|AC  0|TAMS 0x0000000089000000, 0x0000000089000000|
|  67|0x0000000089100000, 0x0000000089100000, 0x0000000089200000|  0%| F|  |TS  0|AC  0|TAMS 0x0000000089100000, 0x0000000089100000|
|  68|0x0000000089200000, 0x0000000089200000, 0x0000000089300000|  0%| F|  |TS  0|AC  0|TAMS 0x0000000089200000, 0x0000000089200000|
|  69|0x0000000089300000, 0x0000000089300000, 0x0000000089400000|  0%| F|  |TS  0|AC  0|TAMS 0x0000000089300000, 0x0000000089300000|
|  70|0x0000000089400000, 0x0000000089400000, 0x0000000089500000|  0%| F|  |TS  0|AC  0|TAMS 0x0000000089400000, 0x0000000089400000|
|  71|0x0000000089500000, 0x0000000089500000, 0x0000000089600000|  0%| F|  |TS  0|AC  0|TAMS 0x0000000089500000, 0x0000000089500000|
|  72|0x0000000089600000, 0x0000000089600000, 0x0000000089700000|  0%| F|  |TS  0|AC  0|TAMS 0x0000000089600000, 0x0000000089600000|
|  73|0x0000000089700000, 0x0000000089700000, 0x0000000089800000|  0%| F|  |TS  0|AC  0|TAMS 0x0000000089700000, 0x0000000089700000|
|  74|0x0000000089800000, 0x0000000089800000, 0x0000000089900000|  0%| F|  |TS  0|AC  0|TAMS 0x0000000089800000, 0x0000000089800000|
|  75|0x0000000089900000, 0x0000000089900000, 0x0000000089a00000|  0%| F|  |TS  0|AC  0|TAMS 0x0000000089900000, 0x0000000089900000|
|  76|0x0000000089a00000, 0x0000000089a00000, 0x0000000089b00000|  0%| F|  |TS  0|AC  0|TAMS 0x0000000089a00000, 0x0000000089a00000|
|  77|0x0000000089b00000, 0x0000000089b00000, 0x0000000089c00000|  0%| F|  |TS  0|AC  0|TAMS 0x0000000089b00000, 0x0000000089b00000|
|  78|0x0000000089c00000, 0x0000000089c00000, 0x0000000089d00000|  0%| F|  |TS  0|AC  0|TAMS 0x0000000089c00000, 0x0000000089c00000|
|  79|0x0000000089d00000, 0x0000000089d00000, 0x0000000089e00000|  0%| F|  |TS  0|AC  0|TAMS 0x0000000089d00000, 0x0000000089d00000|
|  80|0x0000000089e00000, 0x0000000089e00000, 0x0000000089f00000|  0%| F|  |TS  0|AC  0|TAMS 0x0000000089e00000, 0x0000000089e00000|
|  81|0x0000000089f00000, 0x0000000089f00000, 0x000000008a000000|  0%| F|  |TS  0|AC  0|TAMS 0x0000000089f00000, 0x0000000089f00000|
|  82|0x000000008a000000, 0x000000008a000000, 0x000000008a100000|  0%| F|  |TS  0|AC  0|TAMS 0x000000008a000000, 0x000000008a000000|
|  83|0x000000008a100000, 0x000000008a100000, 0x000000008a200000|  0%| F|  |TS  0|AC  0|TAMS 0x000000008a100000, 0x000000008a100000|
|  84|0x000000008a200000, 0x000000008a200000, 0x000000008a300000|  0%| F|  |TS  0|AC  0|TAMS 0x000000008a200000, 0x000000008a200000|
|  85|0x000000008a300000, 0x000000008a300000, 0x000000008a400000|  0%| F|  |TS  0|AC  0|TAMS 0x000000008a300000, 0x000000008a300000|
|  86|0x000000008a400000, 0x000000008a400000, 0x000000008a500000|  0%| F|  |TS  0|AC  0|TAMS 0x000000008a400000, 0x000000008a400000|
|  87|0x000000008a500000, 0x000000008a500000, 0x000000008a600000|  0%| F|  |TS  0|AC  0|TAMS 0x000000008a500000, 0x000000008a500000|
|  88|0x000000008a600000, 0x000000008a600000, 0x000000008a700000|  0%| F|  |TS  0|AC  0|TAMS 0x000000008a600000, 0x000000008a600000|
|  89|0x000000008a700000, 0x000000008a700000, 0x000000008a800000|  0%| F|  |TS  0|AC  0|TAMS 0x000000008a700000, 0x000000008a700000|
|  90|0x000000008a800000, 0x000000008a800000, 0x000000008a900000|  0%| F|  |TS  0|AC  0|TAMS 0x000000008a800000, 0x000000008a800000|
|  91|0x000000008a900000, 0x000000008a900000, 0x000000008aa00000|  0%| F|  |TS  0|AC  0|TAMS 0x000000008a900000, 0x000000008a900000|
|  92|0x000000008aa00000, 0x000000008aa00000, 0x000000008ab00000|  0%| F|  |TS  0|AC  0|TAMS 0x000000008aa00000, 0x000000008aa00000|
|  93|0x000000008ab00000, 0x000000008ab00000, 0x000000008ac00000|  0%| F|  |TS  0|AC  0|TAMS 0x000000008ab00000, 0x000000008ab00000|
|  94|0x000000008ac00000, 0x000000008ac00000, 0x000000008ad00000|  0%| F|  |TS  0|AC  0|TAMS 0x000000008ac00000, 0x000000008ac00000|
|  95|0x000000008ad00000, 0x000000008ad00000, 0x000000008ae00000|  0%| F|  |TS  0|AC  0|TAMS 0x000000008ad00000, 0x000000008ad00000|
|  96|0x000000008ae00000, 0x000000008ae00000, 0x000000008af00000|  0%| F|  |TS  0|AC  0|TAMS 0x000000008ae00000, 0x000000008ae00000|
|  97|0x000000008af00000, 0x000000008af00000, 0x000000008b000000|  0%| F|  |TS  0|AC  0|TAMS 0x000000008af00000, 0x000000008af00000|
|  98|0x000000008b000000, 0x000000008b000000, 0x000000008b100000|  0%| F|  |TS  0|AC  0|TAMS 0x000000008b000000, 0x000000008b000000|
|  99|0x000000008b100000, 0x000000008b100000, 0x000000008b200000|  0%| F|  |TS  0|AC  0|TAMS 0x000000008b100000, 0x000000008b100000|
| 100|0x000000008b200000, 0x000000008b200000, 0x000000008b300000|  0%| F|  |TS  0|AC  0|TAMS 0x000000008b200000, 0x000000008b200000|
| 101|0x000000008b300000, 0x000000008b300000, 0x000000008b400000|  0%| F|  |TS  0|AC  0|TAMS 0x000000008b300000, 0x000000008b300000|
| 102|0x000000008b400000, 0x000000008b400000, 0x000000008b500000|  0%| F|  |TS  0|AC  0|TAMS 0x000000008b400000, 0x000000008b400000|
| 103|0x000000008b500000, 0x000000008b500000, 0x000000008b600000|  0%| F|  |TS  0|AC  0|TAMS 0x000000008b500000, 0x000000008b500000|
| 104|0x000000008b600000, 0x000000008b600000, 0x000000008b700000|  0%| F|  |TS  0|AC  0|TAMS 0x000000008b600000, 0x000000008b600000|
| 105|0x000000008b700000, 0x000000008b700000, 0x000000008b800000|  0%| F|  |TS  0|AC  0|TAMS 0x000000008b700000, 0x000000008b700000|
| 106|0x000000008b800000, 0x000000008b800000, 0x000000008b900000|  0%| F|  |TS  0|AC  0|TAMS 0x000000008b800000, 0x000000008b800000|
| 107|0x000000008b900000, 0x000000008b900000, 0x000000008ba00000|  0%| F|  |TS  0|AC  0|TAMS 0x000000008b900000, 0x000000008b900000|
| 108|0x000000008ba00000, 0x000000008ba00000, 0x000000008bb00000|  0%| F|  |TS  0|AC  0|TAMS 0x000000008ba00000, 0x000000008ba00000|
| 109|0x000000008bb00000, 0x000000008bb00000, 0x000000008bc00000|  0%| F|  |TS  0|AC  0|TAMS 0x000000008bb00000, 0x000000008bb00000|
| 110|0x000000008bc00000, 0x000000008bc00000, 0x000000008bd00000|  0%| F|  |TS  0|AC  0|TAMS 0x000000008bc00000, 0x000000008bc00000|
| 111|0x000000008bd00000, 0x000000008bd00000, 0x000000008be00000|  0%| F|  |TS  0|AC  0|TAMS 0x000000008bd00000, 0x000000008bd00000|
| 112|0x000000008be00000, 0x000000008be00000, 0x000000008bf00000|  0%| F|  |TS  0|AC  0|TAMS 0x000000008be00000, 0x000000008be00000|
| 113|0x000000008bf00000, 0x000000008bf00000, 0x000000008c000000|  0%| F|  |TS  0|AC  0|TAMS 0x000000008bf00000, 0x000000008bf00000|
| 114|0x000000008c000000, 0x000000008c000000, 0x000000008c100000|  0%| F|  |TS  0|AC  0|TAMS 0x000000008c000000, 0x000000008c000000|
| 115|0x000000008c100000, 0x000000008c100000, 0x000000008c200000|  0%| F|  |TS  0|AC  0|TAMS 0x000000008c100000, 0x000000008c100000|
| 116|0x000000008c200000, 0x000000008c200000, 0x000000008c300000|  0%| F|  |TS  0|AC  0|TAMS 0x000000008c200000, 0x000000008c200000|
| 117|0x000000008c300000, 0x000000008c3b3be0, 0x000000008c400000| 70%| E|  |TS  0|AC  0|TAMS 0x000000008c300000, 0x000000008c300000|
| 118|0x000000008c400000, 0x000000008c500000, 0x000000008c500000|100%| E|CS|TS  0|AC  0|TAMS 0x000000008c400000, 0x000000008c400000|
| 119|0x000000008c500000, 0x000000008c600000, 0x000000008c600000|100%| E|CS|TS  0|AC  0|TAMS 0x000000008c500000, 0x000000008c500000|
| 120|0x000000008c600000, 0x000000008c700000, 0x000000008c700000|100%| E|CS|TS  0|AC  0|TAMS 0x000000008c600000, 0x000000008c600000|
| 121|0x000000008c700000, 0x000000008c800000, 0x000000008c800000|100%| E|CS|TS  0|AC  0|TAMS 0x000000008c700000, 0x000000008c700000|
| 122|0x000000008c800000, 0x000000008c900000, 0x000000008c900000|100%| E|CS|TS  0|AC  0|TAMS 0x000000008c800000, 0x000000008c800000|
| 123|0x000000008c900000, 0x000000008ca00000, 0x000000008ca00000|100%| E|CS|TS  0|AC  0|TAMS 0x000000008c900000, 0x000000008c900000|

Card table byte_map: [0x00007f6090e90000,0x00007f6091269000] byte_map_base: 0x00007f6090a69000

Marking Bits (Prev, Next): (CMBitMap*) 0x00007f608c060280, (CMBitMap*) 0x00007f608c0602d8
 Prev Bits: [0x00007f604e138000, 0x00007f6050000000)
 Next Bits: [0x00007f604c270000, 0x00007f604e138000)

Polling page: 0x00007f60963ed000

CodeHeap 'non-nmethods': size=5696Kb used=1259Kb max_used=1265Kb free=4436Kb
 bounds [0x00007f6075c51000, 0x00007f6075ec1000, 0x00007f60761e1000]
CodeHeap 'profiled nmethods': size=120032Kb used=985Kb max_used=985Kb free=119046Kb
 bounds [0x00007f60761e1000, 0x00007f6076451000, 0x00007f607d719000]
CodeHeap 'non-profiled nmethods': size=120032Kb used=196Kb max_used=196Kb free=119836Kb
 bounds [0x00007f607d719000, 0x00007f607d989000, 0x00007f6084c51000]
 total_blobs=1272 nmethods=608 adapters=433
 compilation: enabled

Compilation events (10 events):
Event: 28,840 Thread 0x00007f608c194000 nmethod 604 0x00007f60762d6090 code [0x00007f60762d6240, 0x00007f60762d6708]
Event: 28,840 Thread 0x00007f608c194000  605       3       java.lang.System::lineSeparator (4 bytes)
Event: 28,840 Thread 0x00007f608c194000 nmethod 605 0x00007f60762d6890 code [0x00007f60762d6a00, 0x00007f60762d6b50]
Event: 28,864 Thread 0x00007f608c190800 nmethod 606 0x00007f607d747290 code [0x00007f607d747760, 0x00007f607d749090]
Event: 28,905 Thread 0x00007f608c194000  607       3       java.nio.HeapByteBuffer::_get (7 bytes)
Event: 28,905 Thread 0x00007f608c194000 nmethod 607 0x00007f60762d6c10 code [0x00007f60762d6d80, 0x00007f60762d6ef0]
Event: 28,905 Thread 0x00007f608c194000  608       3       java.nio.Buffer::nextGetIndex (31 bytes)
Event: 28,905 Thread 0x00007f608c194000 nmethod 608 0x00007f60762d7010 code [0x00007f60762d71a0, 0x00007f60762d73a8]
Event: 28,905 Thread 0x00007f608c194000  609       1       java.nio.Buffer::position (5 bytes)
Event: 28,905 Thread 0x00007f608c194000 nmethod 609 0x00007f607d749d10 code [0x00007f607d749e80, 0x00007f607d749f90]

GC Heap History (0 events):
No events

Deoptimization events (10 events):
Event: 3,159 Thread 0x00007f608c011000 Uncommon trap: reason=class_check action=maybe_recompile pc=0x00007f607d7230d4 method=java.util.HashMap.putVal(ILjava/lang/Object;Ljava/lang/Object;ZZ)Ljava/lang/Object; @ 253
Event: 3,161 Thread 0x00007f608c011000 Uncommon trap: reason=class_check action=maybe_recompile pc=0x00007f607d7230fc method=java.util.HashMap.putVal(ILjava/lang/Object;Ljava/lang/Object;ZZ)Ljava/lang/Object; @ 91
Event: 3,162 Thread 0x00007f608c011000 Uncommon trap: reason=class_check action=maybe_recompile pc=0x00007f607d7230d4 method=java.util.HashMap.putVal(ILjava/lang/Object;Ljava/lang/Object;ZZ)Ljava/lang/Object; @ 253
Event: 3,177 Thread 0x00007f608c011000 Uncommon trap: reason=unstable_fused_if action=reinterpret pc=0x00007f607d72f3f4 method=jdk.internal.org.objectweb.asm.ByteVector.putUTF8(Ljava/lang/String;)Ljdk/internal/org/objectweb/asm/ByteVector; @ 91
Event: 23,668 Thread 0x00007f608c011000 Uncommon trap: reason=bimorphic_or_optimized_type_check action=maybe_recompile pc=0x00007f607d73f14c method=java.util.HashMap.putVal(ILjava/lang/Object;Ljava/lang/Object;ZZ)Ljava/lang/Object; @ 253
Event: 23,668 Thread 0x00007f608c011000 Uncommon trap: reason=bimorphic_or_optimized_type_check action=maybe_recompile pc=0x00007f607d73f14c method=java.util.HashMap.putVal(ILjava/lang/Object;Ljava/lang/Object;ZZ)Ljava/lang/Object; @ 253
Event: 23,668 Thread 0x00007f608c011000 Uncommon trap: reason=bimorphic_or_optimized_type_check action=maybe_recompile pc=0x00007f607d73f14c method=java.util.HashMap.putVal(ILjava/lang/Object;Ljava/lang/Object;ZZ)Ljava/lang/Object; @ 253
Event: 23,668 Thread 0x00007f608c011000 Uncommon trap: reason=bimorphic_or_optimized_type_check action=maybe_recompile pc=0x00007f607d73f14c method=java.util.HashMap.putVal(ILjava/lang/Object;Ljava/lang/Object;ZZ)Ljava/lang/Object; @ 253
Event: 23,943 Thread 0x00007f608c698800 Uncommon trap: reason=unstable_if action=reinterpret pc=0x00007f607d742c40 method=sun.security.provider.SeedGenerator$ThreadedSeedGenerator.run()V @ 120
Event: 28,821 Thread 0x00007f608c011000 Uncommon trap: reason=unstable_if action=reinterpret pc=0x00007f607d7332f4 method=java.lang.String.equals(Ljava/lang/Object;)Z @ 27

Classes redefined (0 events):
No events

Internal exceptions (8 events):
Event: 1,063 Thread 0x00007f608c011000 Exception <a 'java/lang/ClassNotFoundException': sun/awt/resources/awtProvider> (0x000000008c771258) thrown at [/build/openjdk-9-argm_o/openjdk-9-9~b114/src/hotspot/src/share/vm/classfile/systemDictionary.cpp, line 224]
Event: 1,272 Thread 0x00007f608c011000 Exception <a 'java/io/FileNotFoundException'> (0x000000008c7b13d0) thrown at [/build/openjdk-9-argm_o/openjdk-9-9~b114/src/hotspot/src/share/vm/prims/jni.cpp, line 605]
Event: 1,275 Thread 0x00007f608c011000 Exception <a 'java/io/FileNotFoundException'> (0x000000008c7b9660) thrown at [/build/openjdk-9-argm_o/openjdk-9-9~b114/src/hotspot/src/share/vm/prims/jni.cpp, line 605]
Event: 2,731 Thread 0x00007f608c011000 Exception <a 'java/lang/ClassNotFoundException': com/sun/swing/internal/plaf/metal/resources/metalProvider> (0x000000008c57b828) thrown at [/build/openjdk-9-argm_o/openjdk-9-9~b114/src/hotspot/src/share/vm/classfile/systemDictionary.cpp, line 224]
Event: 2,735 Thread 0x00007f608c011000 Exception <a 'java/lang/ClassNotFoundException': com/sun/swing/internal/plaf/basic/resources/basicProvider> (0x000000008c57fbd0) thrown at [/build/openjdk-9-argm_o/openjdk-9-9~b114/src/hotspot/src/share/vm/classfile/systemDictionary.cpp, line 224]
Event: 2,891 Thread 0x00007f608c011000 Implicit null exception at 0x00007f607d7240b8 to 0x00007f607d724146
Event: 3,012 Thread 0x00007f608c011000 Implicit null exception at 0x00007f607d72390f to 0x00007f607d723979
Event: 23,493 Thread 0x00007f608c011000 Exception <a 'java/net/UnknownHostException'> (0x000000008c42a430) thrown at [/build/openjdk-9-argm_o/openjdk-9-9~b114/src/hotspot/src/share/vm/prims/jni.cpp, line 605]

Events (10 events):
Event: 28,905 loading class sun/nio/cs/UTF_16$Decoder
Event: 28,905 loading class sun/nio/cs/UnicodeDecoder
Event: 28,918 loading class sun/nio/cs/UnicodeDecoder done
Event: 28,918 loading class sun/nio/cs/UTF_16$Decoder done
Event: 28,918 loading class sun/font/FileFontStrike
Event: 28,919 loading class sun/font/FileFontStrike done
Event: 28,919 loading class sun/font/FontScaler
Event: 28,919 loading class sun/font/FontScaler done
Event: 28,919 loading class sun/font/FreetypeFontScaler
Event: 28,919 loading class sun/font/FreetypeFontScaler done


Dynamic libraries:
00400000-00401000 r-xp 00000000 08:07 20842871                           /usr/lib/jvm/java-9-openjdk-amd64/bin/java
00600000-00601000 r--p 00000000 08:07 20842871                           /usr/lib/jvm/java-9-openjdk-amd64/bin/java
00601000-00602000 rw-p 00001000 08:07 20842871                           /usr/lib/jvm/java-9-openjdk-amd64/bin/java
015dd000-015fe000 rw-p 00000000 00:00 0                                  [heap]
84e00000-8ca00000 rw-p 00000000 00:00 0 
8ca00000-100000000 ---p 00000000 00:00 0 
100000000-100180000 rw-p 00000000 00:00 0 
100180000-140000000 ---p 00000000 00:00 0 
7f5ff4000000-7f5ff4021000 rw-p 00000000 00:00 0 
7f5ff4021000-7f5ff8000000 ---p 00000000 00:00 0 
7f5ff8000000-7f5ff8021000 rw-p 00000000 00:00 0 
7f5ff8021000-7f5ffc000000 ---p 00000000 00:00 0 
7f5ffc000000-7f5ffc021000 rw-p 00000000 00:00 0 
7f5ffc021000-7f6000000000 ---p 00000000 00:00 0 
7f6000000000-7f6000021000 rw-p 00000000 00:00 0 
7f6000021000-7f6004000000 ---p 00000000 00:00 0 
7f6004000000-7f6004021000 rw-p 00000000 00:00 0 
7f6004021000-7f6008000000 ---p 00000000 00:00 0 
7f600aed0000-7f600af90000 rw-p 00000000 00:00 0 
7f600af90000-7f600b0d4000 ---p 00000000 00:00 0 
7f600b0d4000-7f600b1d1000 rw-p 00000000 00:00 0 
7f600b1d1000-7f600b1d5000 ---p 00000000 00:00 0 
7f600b1d5000-7f600b2d2000 rw-p 00000000 00:00 0 
7f600b2d2000-7f600b2d6000 ---p 00000000 00:00 0 
7f600b2d6000-7f600b3d3000 rw-p 00000000 00:00 0 
7f600b3d3000-7f600b3ea000 r-xp 00000000 08:07 3352                       /lib/x86_64-linux-gnu/libresolv-2.23.so
7f600b3ea000-7f600b5ea000 ---p 00017000 08:07 3352                       /lib/x86_64-linux-gnu/libresolv-2.23.so
7f600b5ea000-7f600b5eb000 r--p 00017000 08:07 3352                       /lib/x86_64-linux-gnu/libresolv-2.23.so
7f600b5eb000-7f600b5ec000 rw-p 00018000 08:07 3352                       /lib/x86_64-linux-gnu/libresolv-2.23.so
7f600b5ec000-7f600b5ee000 rw-p 00000000 00:00 0 
7f600b5ee000-7f600b5f3000 r-xp 00000000 08:07 3635                       /lib/x86_64-linux-gnu/libnss_dns-2.23.so
7f600b5f3000-7f600b7f3000 ---p 00005000 08:07 3635                       /lib/x86_64-linux-gnu/libnss_dns-2.23.so
7f600b7f3000-7f600b7f4000 r--p 00005000 08:07 3635                       /lib/x86_64-linux-gnu/libnss_dns-2.23.so
7f600b7f4000-7f600b7f5000 rw-p 00006000 08:07 3635                       /lib/x86_64-linux-gnu/libnss_dns-2.23.so
7f600b7f5000-7f600b7f7000 r-xp 00000000 08:07 7448                       /lib/x86_64-linux-gnu/libnss_mdns4_minimal.so.2
7f600b7f7000-7f600b9f6000 ---p 00002000 08:07 7448                       /lib/x86_64-linux-gnu/libnss_mdns4_minimal.so.2
7f600b9f6000-7f600b9f7000 r--p 00001000 08:07 7448                       /lib/x86_64-linux-gnu/libnss_mdns4_minimal.so.2
7f600b9f7000-7f600b9f8000 rw-p 00002000 08:07 7448                       /lib/x86_64-linux-gnu/libnss_mdns4_minimal.so.2
7f600b9f8000-7f600b9fc000 ---p 00000000 00:00 0 
7f600b9fc000-7f600bcf9000 rw-p 00000000 00:00 0 
7f600bcf9000-7f600bcfd000 ---p 00000000 00:00 0 
7f600bcfd000-7f600bdfa000 rw-p 00000000 00:00 0 
7f600bdfa000-7f600bdff000 r-xp 00000000 08:07 13901558                   /usr/lib/x86_64-linux-gnu/libXfixes.so.3.1.0
7f600bdff000-7f600bffe000 ---p 00005000 08:07 13901558                   /usr/lib/x86_64-linux-gnu/libXfixes.so.3.1.0
7f600bffe000-7f600bfff000 r--p 00004000 08:07 13901558                   /usr/lib/x86_64-linux-gnu/libXfixes.so.3.1.0
7f600bfff000-7f600c000000 rw-p 00005000 08:07 13901558                   /usr/lib/x86_64-linux-gnu/libXfixes.so.3.1.0
7f600c000000-7f600c021000 rw-p 00000000 00:00 0 
7f600c021000-7f6010000000 ---p 00000000 00:00 0 
7f6010000000-7f6010021000 rw-p 00000000 00:00 0 
7f6010021000-7f6014000000 ---p 00000000 00:00 0 
7f6014000000-7f6014021000 rw-p 00000000 00:00 0 
7f6014021000-7f6018000000 ---p 00000000 00:00 0 
7f6018000000-7f6018021000 rw-p 00000000 00:00 0 
7f6018021000-7f601c000000 ---p 00000000 00:00 0 
7f601c000000-7f601c12f000 rw-p 00000000 00:00 0 
7f601c12f000-7f6020000000 ---p 00000000 00:00 0 
7f6020000000-7f6020021000 rw-p 00000000 00:00 0 
7f6020021000-7f6024000000 ---p 00000000 00:00 0 
7f6024000000-7f6024370000 rw-p 00000000 00:00 0 
7f6024370000-7f6028000000 ---p 00000000 00:00 0 
7f6028000000-7f60282cb000 rw-p 00000000 00:00 0 
7f60282cb000-7f602c000000 ---p 00000000 00:00 0 
7f602c000000-7f602c021000 rw-p 00000000 00:00 0 
7f602c021000-7f6030000000 ---p 00000000 00:00 0 
7f6030000000-7f6030021000 rw-p 00000000 00:00 0 
7f6030021000-7f6034000000 ---p 00000000 00:00 0 
7f6034000000-7f6034021000 rw-p 00000000 00:00 0 
7f6034021000-7f6038000000 ---p 00000000 00:00 0 
7f6038000000-7f6038021000 rw-p 00000000 00:00 0 
7f6038021000-7f603c000000 ---p 00000000 00:00 0 
7f603c000000-7f603c049000 rw-p 00000000 00:00 0 
7f603c049000-7f6040000000 ---p 00000000 00:00 0 
7f6040000000-7f6040021000 rw-p 00000000 00:00 0 
7f6040021000-7f6044000000 ---p 00000000 00:00 0 
7f60440ce000-7f60440d9000 r--s 00000000 08:07 4195419                    /var/cache/fontconfig/945677eb7aeaf62f1d50efc3fb3ec7d8-le64.cache-6
7f60440d9000-7f60440df000 r--s 00000000 08:07 4201878                    /var/cache/fontconfig/2cd17615ca594fa2959ae173292e504c-le64.cache-6
7f60440df000-7f60440f4000 r--s 00000000 08:07 4201805                    /var/cache/fontconfig/04aabc0a78ac019cf9454389977116d2-le64.cache-6
7f60440f4000-7f60440fd000 r-xp 00000000 08:07 13901550                   /usr/lib/x86_64-linux-gnu/libXcursor.so.1.0.2
7f60440fd000-7f60442fc000 ---p 00009000 08:07 13901550                   /usr/lib/x86_64-linux-gnu/libXcursor.so.1.0.2
7f60442fc000-7f60442fd000 r--p 00008000 08:07 13901550                   /usr/lib/x86_64-linux-gnu/libXcursor.so.1.0.2
7f60442fd000-7f60442fe000 rw-p 00009000 08:07 13901550                   /usr/lib/x86_64-linux-gnu/libXcursor.so.1.0.2
7f60442fe000-7f6044302000 ---p 00000000 00:00 0 
7f6044302000-7f60443ff000 rw-p 00000000 00:00 0 
7f60443ff000-7f6044423000 r-xp 00000000 08:07 7482                       /lib/x86_64-linux-gnu/libpng12.so.0.54.0
7f6044423000-7f6044622000 ---p 00024000 08:07 7482                       /lib/x86_64-linux-gnu/libpng12.so.0.54.0
7f6044622000-7f6044623000 r--p 00023000 08:07 7482                       /lib/x86_64-linux-gnu/libpng12.so.0.54.0
7f6044623000-7f6044624000 rw-p 00024000 08:07 7482                       /lib/x86_64-linux-gnu/libpng12.so.0.54.0
7f6044624000-7f60446c8000 r-xp 00000000 08:07 13894438                   /usr/lib/x86_64-linux-gnu/libfreetype.so.6.12.1
7f60446c8000-7f60448c7000 ---p 000a4000 08:07 13894438                   /usr/lib/x86_64-linux-gnu/libfreetype.so.6.12.1
7f60448c7000-7f60448cd000 r--p 000a3000 08:07 13894438                   /usr/lib/x86_64-linux-gnu/libfreetype.so.6.12.1
7f60448cd000-7f60448ce000 rw-p 000a9000 08:07 13894438                   /usr/lib/x86_64-linux-gnu/libfreetype.so.6.12.1
7f60448ce000-7f6044994000 r-xp 00000000 08:07 20972877                   /usr/lib/jvm/java-9-openjdk-amd64/lib/amd64/libfontmanager.so
7f6044994000-7f6044b93000 ---p 000c6000 08:07 20972877                   /usr/lib/jvm/java-9-openjdk-amd64/lib/amd64/libfontmanager.so
7f6044b93000-7f6044b96000 r--p 000c5000 08:07 20972877                   /usr/lib/jvm/java-9-openjdk-amd64/lib/amd64/libfontmanager.so
7f6044b96000-7f6044b97000 rw-p 000c8000 08:07 20972877                   /usr/lib/jvm/java-9-openjdk-amd64/lib/amd64/libfontmanager.so
7f6044b97000-7f6044b98000 rw-p 00000000 00:00 0 
7f6044b98000-7f6044b9d000 r-xp 00000000 08:07 13901554                   /usr/lib/x86_64-linux-gnu/libXdmcp.so.6.0.0
7f6044b9d000-7f6044d9c000 ---p 00005000 08:07 13901554                   /usr/lib/x86_64-linux-gnu/libXdmcp.so.6.0.0
7f6044d9c000-7f6044d9d000 r--p 00004000 08:07 13901554                   /usr/lib/x86_64-linux-gnu/libXdmcp.so.6.0.0
7f6044d9d000-7f6044d9e000 rw-p 00005000 08:07 13901554                   /usr/lib/x86_64-linux-gnu/libXdmcp.so.6.0.0
7f6044d9e000-7f6044da0000 r-xp 00000000 08:07 13901543                   /usr/lib/x86_64-linux-gnu/libXau.so.6.0.0
7f6044da0000-7f6044fa0000 ---p 00002000 08:07 13901543                   /usr/lib/x86_64-linux-gnu/libXau.so.6.0.0
7f6044fa0000-7f6044fa1000 r--p 00002000 08:07 13901543                   /usr/lib/x86_64-linux-gnu/libXau.so.6.0.0
7f6044fa1000-7f6044fa2000 rw-p 00003000 08:07 13901543                   /usr/lib/x86_64-linux-gnu/libXau.so.6.0.0
7f6044fa2000-7f6044fc3000 r-xp 00000000 08:07 13902921                   /usr/lib/x86_64-linux-gnu/libxcb.so.1.1.0
7f6044fc3000-7f60451c2000 ---p 00021000 08:07 13902921                   /usr/lib/x86_64-linux-gnu/libxcb.so.1.1.0
7f60451c2000-7f60451c3000 r--p 00020000 08:07 13902921                   /usr/lib/x86_64-linux-gnu/libxcb.so.1.1.0
7f60451c3000-7f60451c4000 rw-p 00021000 08:07 13902921                   /usr/lib/x86_64-linux-gnu/libxcb.so.1.1.0
7f60451c4000-7f60451d3000 r-xp 00000000 08:07 13901564                   /usr/lib/x86_64-linux-gnu/libXi.so.6.1.0
7f60451d3000-7f60453d2000 ---p 0000f000 08:07 13901564                   /usr/lib/x86_64-linux-gnu/libXi.so.6.1.0
7f60453d2000-7f60453d3000 r--p 0000e000 08:07 13901564                   /usr/lib/x86_64-linux-gnu/libXi.so.6.1.0
7f60453d3000-7f60453d4000 rw-p 0000f000 08:07 13901564                   /usr/lib/x86_64-linux-gnu/libXi.so.6.1.0
7f60453d4000-7f60453d9000 r-xp 00000000 08:07 13901582                   /usr/lib/x86_64-linux-gnu/libXtst.so.6.1.0
7f60453d9000-7f60455d8000 ---p 00005000 08:07 13901582                   /usr/lib/x86_64-linux-gnu/libXtst.so.6.1.0
7f60455d8000-7f60455d9000 r--p 00004000 08:07 13901582                   /usr/lib/x86_64-linux-gnu/libXtst.so.6.1.0
7f60455d9000-7f60455da000 rw-p 00005000 08:07 13901582                   /usr/lib/x86_64-linux-gnu/libXtst.so.6.1.0
7f60455da000-7f60455e3000 r-xp 00000000 08:07 13901576                   /usr/lib/x86_64-linux-gnu/libXrender.so.1.3.0
7f60455e3000-7f60457e2000 ---p 00009000 08:07 13901576                   /usr/lib/x86_64-linux-gnu/libXrender.so.1.3.0
7f60457e2000-7f60457e3000 r--p 00008000 08:07 13901576                   /usr/lib/x86_64-linux-gnu/libXrender.so.1.3.0
7f60457e3000-7f60457e4000 rw-p 00009000 08:07 13901576                   /usr/lib/x86_64-linux-gnu/libXrender.so.1.3.0
7f60457e4000-7f6045919000 r-xp 00000000 08:07 13901539                   /usr/lib/x86_64-linux-gnu/libX11.so.6.3.0
7f6045919000-7f6045b19000 ---p 00135000 08:07 13901539                   /usr/lib/x86_64-linux-gnu/libX11.so.6.3.0
7f6045b19000-7f6045b1a000 r--p 00135000 08:07 13901539                   /usr/lib/x86_64-linux-gnu/libX11.so.6.3.0
7f6045b1a000-7f6045b1e000 rw-p 00136000 08:07 13901539                   /usr/lib/x86_64-linux-gnu/libX11.so.6.3.0
7f6045b1e000-7f6045b2f000 r-xp 00000000 08:07 13901556                   /usr/lib/x86_64-linux-gnu/libXext.so.6.4.0
7f6045b2f000-7f6045d2e000 ---p 00011000 08:07 13901556                   /usr/lib/x86_64-linux-gnu/libXext.so.6.4.0
7f6045d2e000-7f6045d2f000 r--p 00010000 08:07 13901556                   /usr/lib/x86_64-linux-gnu/libXext.so.6.4.0
7f6045d2f000-7f6045d30000 rw-p 00011000 08:07 13901556                   /usr/lib/x86_64-linux-gnu/libXext.so.6.4.0
7f6045d30000-7f6045dd0000 r-xp 00000000 08:07 20972857                   /usr/lib/jvm/java-9-openjdk-amd64/lib/amd64/libawt.so
7f6045dd0000-7f6045fcf000 ---p 000a0000 08:07 20972857                   /usr/lib/jvm/java-9-openjdk-amd64/lib/amd64/libawt.so
7f6045fcf000-7f6045fd0000 r--p 0009f000 08:07 20972857                   /usr/lib/jvm/java-9-openjdk-amd64/lib/amd64/libawt.so
7f6045fd0000-7f6045fdb000 rw-p 000a0000 08:07 20972857                   /usr/lib/jvm/java-9-openjdk-amd64/lib/amd64/libawt.so
7f6045fdb000-7f6048000000 rw-p 00000000 00:00 0 
7f6048000000-7f6048021000 rw-p 00000000 00:00 0 
7f6048021000-7f604c000000 ---p 00000000 00:00 0 
7f604c002000-7f604c003000 r--s 00000000 08:07 4201851                    /var/cache/fontconfig/0d8c3b2ac0904cb8a57a757ad11a4a08-le64.cache-6
7f604c003000-7f604c004000 r--s 00000000 08:07 4201778                    /var/cache/fontconfig/1ac9eb803944fde146138c791f5cc56a-le64.cache-6
7f604c004000-7f604c008000 r--s 00000000 08:07 4201777                    /var/cache/fontconfig/385c0604a188198f04d133e54aba7fe7-le64.cache-6
7f604c008000-7f604c009000 r--s 00000000 08:07 4201597                    /var/cache/fontconfig/dc05db6664285cc2f12bf69c139ae4c3-le64.cache-6
7f604c009000-7f604c00c000 r--s 00000000 08:07 4201596                    /var/cache/fontconfig/767a8244fc0220cfb567a839d0392e0b-le64.cache-6
7f604c00c000-7f604c00d000 r--s 00000000 08:07 4198231                    /var/cache/fontconfig/4794a0821666d79190d59a36cb4f44b5-le64.cache-6
7f604c00d000-7f604c014000 r--s 00000000 08:07 4201557                    /var/cache/fontconfig/3047814df9a2f067bd2d96a2b9c36e5a-le64.cache-6
7f604c014000-7f604c06b000 r-xp 00000000 08:07 20972904                   /usr/lib/jvm/java-9-openjdk-amd64/lib/amd64/libawt_xawt.so
7f604c06b000-7f604c26b000 ---p 00057000 08:07 20972904                   /usr/lib/jvm/java-9-openjdk-amd64/lib/amd64/libawt_xawt.so
7f604c26b000-7f604c26c000 r--p 00057000 08:07 20972904                   /usr/lib/jvm/java-9-openjdk-amd64/lib/amd64/libawt_xawt.so
7f604c26c000-7f604c26f000 rw-p 00058000 08:07 20972904                   /usr/lib/jvm/java-9-openjdk-amd64/lib/amd64/libawt_xawt.so
7f604c26f000-7f604c460000 rw-p 00000000 00:00 0 
7f604c460000-7f604e138000 ---p 00000000 00:00 0 
7f604e138000-7f604e328000 rw-p 00000000 00:00 0 
7f604e328000-7f6050000000 ---p 00000000 00:00 0 
7f6050000000-7f6050021000 rw-p 00000000 00:00 0 
7f6050021000-7f6054000000 ---p 00000000 00:00 0 
7f6054000000-7f6054021000 rw-p 00000000 00:00 0 
7f6054021000-7f6058000000 ---p 00000000 00:00 0 
7f6058000000-7f6058021000 rw-p 00000000 00:00 0 
7f6058021000-7f605c000000 ---p 00000000 00:00 0 
7f605c000000-7f605c021000 rw-p 00000000 00:00 0 
7f605c021000-7f6060000000 ---p 00000000 00:00 0 
7f6060000000-7f6060021000 rw-p 00000000 00:00 0 
7f6060021000-7f6064000000 ---p 00000000 00:00 0 
7f6064000000-7f6064021000 rw-p 00000000 00:00 0 
7f6064021000-7f6068000000 ---p 00000000 00:00 0 
7f6068000000-7f6068021000 rw-p 00000000 00:00 0 
7f6068021000-7f606c000000 ---p 00000000 00:00 0 
7f606c000000-7f606c021000 rw-p 00000000 00:00 0 
7f606c021000-7f6070000000 ---p 00000000 00:00 0 
7f6070000000-7f6070021000 rw-p 00000000 00:00 0 
7f6070021000-7f6074000000 ---p 00000000 00:00 0 
7f6074000000-7f6074005000 r--s 00000000 08:07 4201575                    /var/cache/fontconfig/8801497958630a81b71ace7c5f9b32a8-le64.cache-6
7f6074005000-7f6074006000 r--s 00000000 08:07 4201558                    /var/cache/fontconfig/bab58bb527bb656aaa9f116d68a48d89-le64.cache-6
7f6074006000-7f6074007000 r--s 00000000 08:07 4201555                    /var/cache/fontconfig/56cf4f4769d0f4abc89a4895d7bd3ae1-le64.cache-6
7f6074007000-7f6074008000 r--s 00000000 08:07 4201535                    /var/cache/fontconfig/b9d506c9ac06c20b433354fa67a72993-le64.cache-6
7f6074008000-7f607400e000 r--s 00000000 08:07 4201396                    /var/cache/fontconfig/b47c4e1ecd0709278f4910c18777a504-le64.cache-6
7f607400e000-7f6074021000 r--s 00000000 08:07 4201395                    /var/cache/fontconfig/d52a8644073d54c13679302ca1180695-le64.cache-6
7f6074021000-7f6074022000 r--s 00000000 08:07 4201264                    /var/cache/fontconfig/551ecf3b0e8b0bca0f25c0944f561853-le64.cache-6
7f6074022000-7f607402d000 r--s 00000000 08:07 4197533                    /var/cache/fontconfig/d589a48862398ed80a3d6066f4f56f4c-le64.cache-6
7f607402d000-7f607403f000 r--s 00000000 08:07 4194390                    /var/cache/fontconfig/9b89f8e3dae116d678bbf48e5f21f69b-le64.cache-6
7f607403f000-7f6074040000 ---p 00000000 00:00 0 
7f6074040000-7f6074140000 rw-p 00000000 00:00 0 
7f6074140000-7f6074144000 ---p 00000000 00:00 0 
7f6074144000-7f6074241000 rw-p 00000000 00:00 0 
7f6074241000-7f6074245000 ---p 00000000 00:00 0 
7f6074245000-7f6074643000 rw-p 00000000 00:00 0 
7f6074643000-7f6074659000 r-xp 00000000 08:07 20972878                   /usr/lib/jvm/java-9-openjdk-amd64/lib/amd64/libnet.so
7f6074659000-7f6074858000 ---p 00016000 08:07 20972878                   /usr/lib/jvm/java-9-openjdk-amd64/lib/amd64/libnet.so
7f6074858000-7f6074859000 r--p 00015000 08:07 20972878                   /usr/lib/jvm/java-9-openjdk-amd64/lib/amd64/libnet.so
7f6074859000-7f607485a000 rw-p 00016000 08:07 20972878                   /usr/lib/jvm/java-9-openjdk-amd64/lib/amd64/libnet.so
7f607485a000-7f607486b000 r-xp 00000000 08:07 20972905                   /usr/lib/jvm/java-9-openjdk-amd64/lib/amd64/libnio.so
7f607486b000-7f6074a6b000 ---p 00011000 08:07 20972905                   /usr/lib/jvm/java-9-openjdk-amd64/lib/amd64/libnio.so
7f6074a6b000-7f6074a6c000 r--p 00011000 08:07 20972905                   /usr/lib/jvm/java-9-openjdk-amd64/lib/amd64/libnio.so
7f6074a6c000-7f6074a6d000 rw-p 00012000 08:07 20972905                   /usr/lib/jvm/java-9-openjdk-amd64/lib/amd64/libnio.so
7f6074a6d000-7f6074a71000 ---p 00000000 00:00 0 
7f6074a71000-7f6074b6e000 rw-p 00000000 00:00 0 
7f6074b6e000-7f6074b72000 ---p 00000000 00:00 0 
7f6074b72000-7f6074c6f000 rw-p 00000000 00:00 0 
7f6074c6f000-7f6074c73000 ---p 00000000 00:00 0 
7f6074c73000-7f6074d70000 rw-p 00000000 00:00 0 
7f6074d70000-7f6074d74000 ---p 00000000 00:00 0 
7f6074d74000-7f6074e71000 rw-p 00000000 00:00 0 
7f6074e71000-7f6074e75000 ---p 00000000 00:00 0 
7f6074e75000-7f6074f72000 rw-p 00000000 00:00 0 
7f6074f72000-7f6074f76000 ---p 00000000 00:00 0 
7f6074f76000-7f6075073000 rw-p 00000000 00:00 0 
7f6075073000-7f6075350000 r--p 00000000 08:07 13894435                   /usr/lib/locale/locale-archive
7f6075350000-7f6075354000 ---p 00000000 00:00 0 
7f6075354000-7f6075c51000 rw-p 00000000 00:00 0 
7f6075c51000-7f6075ec1000 rwxp 00000000 00:00 0 
7f6075ec1000-7f60761e1000 ---p 00000000 00:00 0 
7f60761e1000-7f6076451000 rwxp 00000000 00:00 0 
7f6076451000-7f607d719000 ---p 00000000 00:00 0 
7f607d719000-7f607d989000 rwxp 00000000 00:00 0 
7f607d989000-7f6084c51000 ---p 00000000 00:00 0 
7f6084c51000-7f608c000000 r--s 00000000 08:07 20972843                   /usr/lib/jvm/java-9-openjdk-amd64/lib/modules
7f608c000000-7f608c6ce000 rw-p 00000000 00:00 0 
7f608c6ce000-7f6090000000 ---p 00000000 00:00 0 
7f6090000000-7f6090001000 r--s 00000000 08:07 4201202                    /var/cache/fontconfig/30829fa25452a46451e813d634d7f916-le64.cache-6
7f6090001000-7f6090004000 r--s 00000000 08:07 4201103                    /var/cache/fontconfig/75114ca45c98e8a441da0ff356701271-le64.cache-6
7f6090004000-7f609000f000 r--s 00000000 08:07 4201069                    /var/cache/fontconfig/83bf95040141907cd45bb53cf7c1c148-le64.cache-6
7f609000f000-7f609001c000 r--s 00000000 08:07 4194508                    /var/cache/fontconfig/8f02d4cb045bd6ce15663e43f347c9f8-le64.cache-6
7f609001c000-7f6090023000 r--s 00000000 08:07 14163789                   /usr/lib/x86_64-linux-gnu/gconv/gconv-modules.cache
7f6090023000-7f6090049000 r--p 00000000 08:07 15860339                   /usr/share/locale-langpack/fr/LC_MESSAGES/libc.mo
7f6090049000-7f609004d000 ---p 00000000 00:00 0 
7f609004d000-7f609014a000 rw-p 00000000 00:00 0 
7f609014a000-7f609014b000 ---p 00000000 00:00 0 
7f609014b000-7f60908b5000 rw-p 00000000 00:00 0 
7f60908b5000-7f60908b6000 ---p 00000000 00:00 0 
7f60908b6000-7f60909b6000 rw-p 00000000 00:00 0 
7f60909b6000-7f60909b7000 ---p 00000000 00:00 0 
7f60909b7000-7f6090af5000 rw-p 00000000 00:00 0 
7f6090af5000-7f6090e90000 ---p 00000000 00:00 0 
7f6090e90000-7f6090ece000 rw-p 00000000 00:00 0 
7f6090ece000-7f6091642000 ---p 00000000 00:00 0 
7f6091642000-7f6091680000 rw-p 00000000 00:00 0 
7f6091680000-7f6091a1b000 ---p 00000000 00:00 0 
7f6091a1b000-7f6091a1c000 ---p 00000000 00:00 0 
7f6091a1c000-7f6091b1c000 rw-p 00000000 00:00 0 
7f6091b1c000-7f6091b1d000 ---p 00000000 00:00 0 
7f6091b1d000-7f6091c1d000 rw-p 00000000 00:00 0 
7f6091c1d000-7f6091c1e000 ---p 00000000 00:00 0 
7f6091c1e000-7f6091d1e000 rw-p 00000000 00:00 0 
7f6091d1e000-7f6091d1f000 ---p 00000000 00:00 0 
7f6091d1f000-7f6091e1f000 rw-p 00000000 00:00 0 
7f6091e1f000-7f6091e20000 ---p 00000000 00:00 0 
7f6091e20000-7f6092324000 rw-p 00000000 00:00 0 
7f6092324000-7f6092325000 ---p 00000000 00:00 0 
7f6092325000-7f6092425000 rw-p 00000000 00:00 0 
7f6092425000-7f6092426000 ---p 00000000 00:00 0 
7f6092426000-7f6092526000 rw-p 00000000 00:00 0 
7f6092526000-7f6092527000 ---p 00000000 00:00 0 
7f6092527000-7f6092627000 rw-p 00000000 00:00 0 
7f6092627000-7f6092628000 ---p 00000000 00:00 0 
7f6092628000-7f609272d000 rw-p 00000000 00:00 0 
7f609272d000-7f6092813000 ---p 00000000 00:00 0 
7f6092813000-7f6092818000 rw-p 00000000 00:00 0 
7f6092818000-7f60928fe000 ---p 00000000 00:00 0 
7f60928fe000-7f6092903000 r-xp 00000000 08:07 20972892                   /usr/lib/jvm/java-9-openjdk-amd64/lib/amd64/libjimage.so
7f6092903000-7f6092b02000 ---p 00005000 08:07 20972892                   /usr/lib/jvm/java-9-openjdk-amd64/lib/amd64/libjimage.so
7f6092b02000-7f6092b03000 r--p 00004000 08:07 20972892                   /usr/lib/jvm/java-9-openjdk-amd64/lib/amd64/libjimage.so
7f6092b03000-7f6092b04000 rw-p 00005000 08:07 20972892                   /usr/lib/jvm/java-9-openjdk-amd64/lib/amd64/libjimage.so
7f6092b04000-7f6092b0b000 r-xp 00000000 08:07 20972888                   /usr/lib/jvm/java-9-openjdk-amd64/lib/amd64/libzip.so
7f6092b0b000-7f6092d0a000 ---p 00007000 08:07 20972888                   /usr/lib/jvm/java-9-openjdk-amd64/lib/amd64/libzip.so
7f6092d0a000-7f6092d0b000 r--p 00006000 08:07 20972888                   /usr/lib/jvm/java-9-openjdk-amd64/lib/amd64/libzip.so
7f6092d0b000-7f6092d0c000 rw-p 00007000 08:07 20972888                   /usr/lib/jvm/java-9-openjdk-amd64/lib/amd64/libzip.so
7f6092d0c000-7f6092d17000 r-xp 00000000 08:07 3170                       /lib/x86_64-linux-gnu/libnss_files-2.23.so
7f6092d17000-7f6092f16000 ---p 0000b000 08:07 3170                       /lib/x86_64-linux-gnu/libnss_files-2.23.so
7f6092f16000-7f6092f17000 r--p 0000a000 08:07 3170                       /lib/x86_64-linux-gnu/libnss_files-2.23.so
7f6092f17000-7f6092f18000 rw-p 0000b000 08:07 3170                       /lib/x86_64-linux-gnu/libnss_files-2.23.so
7f6092f18000-7f6092f1e000 rw-p 00000000 00:00 0 
7f6092f1e000-7f6092f29000 r-xp 00000000 08:07 3163                       /lib/x86_64-linux-gnu/libnss_nis-2.23.so
7f6092f29000-7f6093128000 ---p 0000b000 08:07 3163                       /lib/x86_64-linux-gnu/libnss_nis-2.23.so
7f6093128000-7f6093129000 r--p 0000a000 08:07 3163                       /lib/x86_64-linux-gnu/libnss_nis-2.23.so
7f6093129000-7f609312a000 rw-p 0000b000 08:07 3163                       /lib/x86_64-linux-gnu/libnss_nis-2.23.so
7f609312a000-7f6093140000 r-xp 00000000 08:07 3165                       /lib/x86_64-linux-gnu/libnsl-2.23.so
7f6093140000-7f609333f000 ---p 00016000 08:07 3165                       /lib/x86_64-linux-gnu/libnsl-2.23.so
7f609333f000-7f6093340000 r--p 00015000 08:07 3165                       /lib/x86_64-linux-gnu/libnsl-2.23.so
7f6093340000-7f6093341000 rw-p 00016000 08:07 3165                       /lib/x86_64-linux-gnu/libnsl-2.23.so
7f6093341000-7f6093343000 rw-p 00000000 00:00 0 
7f6093343000-7f609334b000 r-xp 00000000 08:07 3172                       /lib/x86_64-linux-gnu/libnss_compat-2.23.so
7f609334b000-7f609354a000 ---p 00008000 08:07 3172                       /lib/x86_64-linux-gnu/libnss_compat-2.23.so
7f609354a000-7f609354b000 r--p 00007000 08:07 3172                       /lib/x86_64-linux-gnu/libnss_compat-2.23.so
7f609354b000-7f609354c000 rw-p 00008000 08:07 3172                       /lib/x86_64-linux-gnu/libnss_compat-2.23.so
7f609354c000-7f6093577000 r-xp 00000000 08:07 20972852                   /usr/lib/jvm/java-9-openjdk-amd64/lib/amd64/libjava.so
7f6093577000-7f6093776000 ---p 0002b000 08:07 20972852                   /usr/lib/jvm/java-9-openjdk-amd64/lib/amd64/libjava.so
7f6093776000-7f6093777000 r--p 0002a000 08:07 20972852                   /usr/lib/jvm/java-9-openjdk-amd64/lib/amd64/libjava.so
7f6093777000-7f6093779000 rw-p 0002b000 08:07 20972852                   /usr/lib/jvm/java-9-openjdk-amd64/lib/amd64/libjava.so
7f6093779000-7f6093786000 r-xp 00000000 08:07 20972853                   /usr/lib/jvm/java-9-openjdk-amd64/lib/amd64/libverify.so
7f6093786000-7f6093985000 ---p 0000d000 08:07 20972853                   /usr/lib/jvm/java-9-openjdk-amd64/lib/amd64/libverify.so
7f6093985000-7f6093987000 r--p 0000c000 08:07 20972853                   /usr/lib/jvm/java-9-openjdk-amd64/lib/amd64/libverify.so
7f6093987000-7f6093988000 rw-p 0000e000 08:07 20972853                   /usr/lib/jvm/java-9-openjdk-amd64/lib/amd64/libverify.so
7f6093988000-7f609398f000 r-xp 00000000 08:07 3179                       /lib/x86_64-linux-gnu/librt-2.23.so
7f609398f000-7f6093b8e000 ---p 00007000 08:07 3179                       /lib/x86_64-linux-gnu/librt-2.23.so
7f6093b8e000-7f6093b8f000 r--p 00006000 08:07 3179                       /lib/x86_64-linux-gnu/librt-2.23.so
7f6093b8f000-7f6093b90000 rw-p 00007000 08:07 3179                       /lib/x86_64-linux-gnu/librt-2.23.so
7f6093b90000-7f6093ba6000 r-xp 00000000 08:07 7385                       /lib/x86_64-linux-gnu/libgcc_s.so.1
7f6093ba6000-7f6093da5000 ---p 00016000 08:07 7385                       /lib/x86_64-linux-gnu/libgcc_s.so.1
7f6093da5000-7f6093da6000 rw-p 00015000 08:07 7385                       /lib/x86_64-linux-gnu/libgcc_s.so.1
7f6093da6000-7f6093eae000 r-xp 00000000 08:07 3164                       /lib/x86_64-linux-gnu/libm-2.23.so
7f6093eae000-7f60940ad000 ---p 00108000 08:07 3164                       /lib/x86_64-linux-gnu/libm-2.23.so
7f60940ad000-7f60940ae000 r--p 00107000 08:07 3164                       /lib/x86_64-linux-gnu/libm-2.23.so
7f60940ae000-7f60940af000 rw-p 00108000 08:07 3164                       /lib/x86_64-linux-gnu/libm-2.23.so
7f60940af000-7f6094221000 r-xp 00000000 08:07 13898981                   /usr/lib/x86_64-linux-gnu/libstdc++.so.6.0.21
7f6094221000-7f6094421000 ---p 00172000 08:07 13898981                   /usr/lib/x86_64-linux-gnu/libstdc++.so.6.0.21
7f6094421000-7f609442b000 r--p 00172000 08:07 13898981                   /usr/lib/x86_64-linux-gnu/libstdc++.so.6.0.21
7f609442b000-7f609442d000 rw-p 0017c000 08:07 13898981                   /usr/lib/x86_64-linux-gnu/libstdc++.so.6.0.21
7f609442d000-7f6094431000 rw-p 00000000 00:00 0 
7f6094431000-7f609528f000 r-xp 00000000 08:07 20972885                   /usr/lib/jvm/java-9-openjdk-amd64/lib/amd64/server/libjvm.so
7f609528f000-7f609548f000 ---p 00e5e000 08:07 20972885                   /usr/lib/jvm/java-9-openjdk-amd64/lib/amd64/server/libjvm.so
7f609548f000-7f6095541000 r--p 00e5e000 08:07 20972885                   /usr/lib/jvm/java-9-openjdk-amd64/lib/amd64/server/libjvm.so
7f6095541000-7f6095573000 rw-p 00f10000 08:07 20972885                   /usr/lib/jvm/java-9-openjdk-amd64/lib/amd64/server/libjvm.so
7f6095573000-7f60955b8000 rw-p 00000000 00:00 0 
7f60955b8000-7f60955d0000 r-xp 00000000 08:07 3187                       /lib/x86_64-linux-gnu/libpthread-2.23.so
7f60955d0000-7f60957cf000 ---p 00018000 08:07 3187                       /lib/x86_64-linux-gnu/libpthread-2.23.so
7f60957cf000-7f60957d0000 r--p 00017000 08:07 3187                       /lib/x86_64-linux-gnu/libpthread-2.23.so
7f60957d0000-7f60957d1000 rw-p 00018000 08:07 3187                       /lib/x86_64-linux-gnu/libpthread-2.23.so
7f60957d1000-7f60957d5000 rw-p 00000000 00:00 0 
7f60957d5000-7f60957d8000 r-xp 00000000 08:07 3162                       /lib/x86_64-linux-gnu/libdl-2.23.so
7f60957d8000-7f60959d7000 ---p 00003000 08:07 3162                       /lib/x86_64-linux-gnu/libdl-2.23.so
7f60959d7000-7f60959d8000 r--p 00002000 08:07 3162                       /lib/x86_64-linux-gnu/libdl-2.23.so
7f60959d8000-7f60959d9000 rw-p 00003000 08:07 3162                       /lib/x86_64-linux-gnu/libdl-2.23.so
7f60959d9000-7f60959f2000 r-xp 00000000 08:07 567                        /lib/x86_64-linux-gnu/libz.so.1.2.8
7f60959f2000-7f6095bf1000 ---p 00019000 08:07 567                        /lib/x86_64-linux-gnu/libz.so.1.2.8
7f6095bf1000-7f6095bf2000 r--p 00018000 08:07 567                        /lib/x86_64-linux-gnu/libz.so.1.2.8
7f6095bf2000-7f6095bf3000 rw-p 00019000 08:07 567                        /lib/x86_64-linux-gnu/libz.so.1.2.8
7f6095bf3000-7f6095db2000 r-xp 00000000 08:07 3166                       /lib/x86_64-linux-gnu/libc-2.23.so
7f6095db2000-7f6095fb2000 ---p 001bf000 08:07 3166                       /lib/x86_64-linux-gnu/libc-2.23.so
7f6095fb2000-7f6095fb6000 r--p 001bf000 08:07 3166                       /lib/x86_64-linux-gnu/libc-2.23.so
7f6095fb6000-7f6095fb8000 rw-p 001c3000 08:07 3166                       /lib/x86_64-linux-gnu/libc-2.23.so
7f6095fb8000-7f6095fbc000 rw-p 00000000 00:00 0 
7f6095fbc000-7f6095fca000 r-xp 00000000 08:07 20972902                   /usr/lib/jvm/java-9-openjdk-amd64/lib/amd64/jli/libjli.so
7f6095fca000-7f60961c9000 ---p 0000e000 08:07 20972902                   /usr/lib/jvm/java-9-openjdk-amd64/lib/amd64/jli/libjli.so
7f60961c9000-7f60961ca000 r--p 0000d000 08:07 20972902                   /usr/lib/jvm/java-9-openjdk-amd64/lib/amd64/jli/libjli.so
7f60961ca000-7f60961cb000 rw-p 0000e000 08:07 20972902                   /usr/lib/jvm/java-9-openjdk-amd64/lib/amd64/jli/libjli.so
7f60961cb000-7f60961f1000 r-xp 00000000 08:07 3167                       /lib/x86_64-linux-gnu/ld-2.23.so
7f60961f1000-7f60961f2000 r--s 00000000 08:07 4201140                    /var/cache/fontconfig/0c9eb80ebd1c36541ebe2852d3bb0c49-le64.cache-6
7f60961f2000-7f60961f5000 r--s 00000000 08:07 4194400                    /var/cache/fontconfig/e13b20fdb08344e0e664864cc2ede53d-le64.cache-6
7f60961f5000-7f60962cc000 rw-p 00000000 00:00 0 
7f60962cc000-7f60962d0000 ---p 00000000 00:00 0 
7f60962d0000-7f60963d2000 rw-p 00000000 00:00 0 
7f60963d2000-7f60963d6000 r--s 00000000 08:07 4197532                    /var/cache/fontconfig/7ef2298fde41cc6eeb7af42e48b7d293-le64.cache-6
7f60963d6000-7f60963d8000 r--s 00000000 08:07 4194526                    /var/cache/fontconfig/16326683038b281783a0ef8c680e3a10-le64.cache-6
7f60963d8000-7f60963dd000 rw-p 00000000 00:00 0 
7f60963dd000-7f60963e4000 ---p 00000000 00:00 0 
7f60963e4000-7f60963ec000 rw-s 00000000 08:07 18221756                   /tmp/hsperfdata_thibaut/4286
7f60963ec000-7f60963ed000 rw-p 00000000 00:00 0 
7f60963ed000-7f60963ee000 r--p 00000000 00:00 0 
7f60963ee000-7f60963f0000 rw-p 00000000 00:00 0 
7f60963f0000-7f60963f1000 r--p 00025000 08:07 3167                       /lib/x86_64-linux-gnu/ld-2.23.so
7f60963f1000-7f60963f2000 rw-p 00026000 08:07 3167                       /lib/x86_64-linux-gnu/ld-2.23.so
7f60963f2000-7f60963f3000 rw-p 00000000 00:00 0 
7ffcb793c000-7ffcb795d000 rw-p 00000000 00:00 0                          [stack]
7ffcb79f0000-7ffcb79f2000 r--p 00000000 00:00 0                          [vvar]
7ffcb79f2000-7ffcb79f4000 r-xp 00000000 00:00 0                          [vdso]
ffffffffff600000-ffffffffff601000 r-xp 00000000 00:00 0                  [vsyscall]

VM Arguments:
java_command: Projet_Java_save.jar
java_class_path (initial): Projet_Java_save.jar
Launcher Type: SUN_STANDARD

Environment Variables:
PATH=/usr/local/sbin:/usr/local/bin:/usr/sbin:/usr/bin:/sbin:/bin:/usr/games:/usr/local/games:/snap/bin
SHELL=/bin/bash
DISPLAY=:0

Signal Handlers:
SIGSEGV: [libjvm.so+0xc12c20], sa_mask[0]=11111111011111111101111111111110, sa_flags=SA_RESTART|SA_SIGINFO
SIGBUS: [libjvm.so+0xc12c20], sa_mask[0]=11111111011111111101111111111110, sa_flags=SA_RESTART|SA_SIGINFO
SIGFPE: [libjvm.so+0xc12c20], sa_mask[0]=11111111011111111101111111111110, sa_flags=SA_RESTART|SA_SIGINFO
SIGPIPE: [libjvm.so+0xa3b600], sa_mask[0]=11111111011111111101111111111110, sa_flags=SA_RESTART|SA_SIGINFO
SIGXFSZ: [libjvm.so+0xa3b600], sa_mask[0]=11111111011111111101111111111110, sa_flags=SA_RESTART|SA_SIGINFO
SIGILL: [libjvm.so+0xc12c20], sa_mask[0]=11111111011111111101111111111110, sa_flags=SA_RESTART|SA_SIGINFO
SIGUSR2: [libjvm.so+0xa3b4a0], sa_mask[0]=00000000000000000000000000000000, sa_flags=SA_RESTART|SA_SIGINFO
SIGHUP: [libjvm.so+0xa3b870], sa_mask[0]=11111111011111111101111111111110, sa_flags=SA_RESTART|SA_SIGINFO
SIGINT: [libjvm.so+0xa3b870], sa_mask[0]=11111111011111111101111111111110, sa_flags=SA_RESTART|SA_SIGINFO
SIGTERM: [libjvm.so+0xa3b870], sa_mask[0]=11111111011111111101111111111110, sa_flags=SA_RESTART|SA_SIGINFO
SIGQUIT: [libjvm.so+0xa3b870], sa_mask[0]=11111111011111111101111111111110, sa_flags=SA_RESTART|SA_SIGINFO


---------------  S Y S T E M  ---------------

OS:DISTRIB_ID=Ubuntu
DISTRIB_RELEASE=16.04
DISTRIB_CODENAME=xenial
DISTRIB_DESCRIPTION="Ubuntu 16.04.2 LTS"
uname:Linux 4.4.0-79-generic #100-Ubuntu SMP Wed May 17 19:58:14 UTC 2017 x86_64
libc:glibc 2.23 NPTL 2.23 
rlimit: STACK 8192k, CORE 0k, NPROC 31055, NOFILE 65536, AS infinity
load average:0,34 0,56 0,79

/proc/meminfo:
MemTotal:        8066976 kB
MemFree:         2216804 kB
MemAvailable:    4180804 kB
Buffers:          278036 kB
Cached:          2247880 kB
SwapCached:            0 kB
Active:          3793880 kB
Inactive:        1640556 kB
Active(anon):    2912560 kB
Inactive(anon):   452904 kB
Active(file):     881320 kB
Inactive(file):  1187652 kB
Unevictable:         188 kB
Mlocked:             188 kB
SwapTotal:       8282108 kB
SwapFree:        8282108 kB
Dirty:               548 kB
Writeback:             0 kB
AnonPages:       2908656 kB
Mapped:           754788 kB
Shmem:            457056 kB
Slab:             247044 kB
SReclaimable:     201012 kB
SUnreclaim:        46032 kB
KernelStack:       12304 kB
PageTables:        55700 kB
NFS_Unstable:          0 kB
Bounce:                0 kB
WritebackTmp:          0 kB
CommitLimit:    12315596 kB
Committed_AS:    9848256 kB
VmallocTotal:   34359738367 kB
VmallocUsed:           0 kB
VmallocChunk:          0 kB
HardwareCorrupted:     0 kB
AnonHugePages:   1230848 kB
CmaTotal:              0 kB
CmaFree:               0 kB
HugePages_Total:       0
HugePages_Free:        0
HugePages_Rsvd:        0
HugePages_Surp:        0
Hugepagesize:       2048 kB
DirectMap4k:      175088 kB
DirectMap2M:     7059456 kB
DirectMap1G:     2097152 kB


CPU:total 4 (2 cores per cpu, 2 threads per core) family 6 model 78 stepping 3, cmov, cx8, fxsr, mmx, sse, sse2, sse3, ssse3, sse4.1, sse4.2, popcnt, avx, avx2, aes, clmul, erms, 3dnowpref, lzcnt, ht, tsc, tscinvbit, bmi1, bmi2, adx

CPU Model and flags from /proc/cpuinfo:
model name	: Intel(R) Core(TM) i5-6200U CPU @ 2.30GHz
flags		: fpu vme de pse tsc msr pae mce cx8 apic sep mtrr pge mca cmov pat pse36 clflush dts acpi mmx fxsr sse sse2 ss ht tm pbe syscall nx pdpe1gb rdtscp lm constant_tsc art arch_perfmon pebs bts rep_good nopl xtopology nonstop_tsc aperfmperf eagerfpu pni pclmulqdq dtes64 monitor ds_cpl vmx est tm2 ssse3 sdbg fma cx16 xtpr pdcm pcid sse4_1 sse4_2 x2apic movbe popcnt tsc_deadline_timer aes xsave avx f16c rdrand lahf_lm abm 3dnowprefetch epb intel_pt tpr_shadow vnmi flexpriority ept vpid fsgsbase tsc_adjust bmi1 avx2 smep bmi2 erms invpcid mpx rdseed adx smap clflushopt xsaveopt xsavec xgetbv1 dtherm ida arat pln pts hwp hwp_notify hwp_act_window hwp_epp

Memory: 4k page, physical 8066976k(2216804k free), swap 8282108k(8282108k free)

vm_info: OpenJDK 64-Bit Server VM (9-internal+0-2016-04-14-195246.buildd.src) for linux-amd64 JRE (9-internal+0-2016-04-14-195246.buildd.src), built on Apr 14 2016 20:05:37 by "buildd" with gcc 5.3.1 20160413

END.
